<?xml version="1.0" encoding="UTF-8"?>
<!-- Generated by org.testng.reporters.JUnitReportReporter -->
<testsuite hostname="Nahuel-Ruben-PC" name="proyectofinal.Clase1" tests="8" failures="0" timestamp="2 May 2016 21:02:32 GMT" time="124.045" errors="0">
  <testcase name="Log2" time="4.902" classname="proyectofinal.Clase1"/>
  <testcase name="Verificar" time="39.500" classname="proyectofinal.Clase1"/>
  <testcase name="ComprobarMails" time="33.710" classname="proyectofinal.Clase1"/>
  <testcase name="Deslog" time="0.727" classname="proyectofinal.Clase1"/>
  <testcase name="EnviarMails" time="14.643" classname="proyectofinal.Clase1"/>
  <testcase name="Log1" time="7.548" classname="proyectofinal.Clase1"/>
  <testcase name="EnviarMails" time="11.825" classname="proyectofinal.Clase1"/>
  <testcase name="EnviarMails" time="11.190" classname="proyectofinal.Clase1"/>
</testsuite> <!-- proyectofinal.Clase1 -->
