<?xml version="1.0" encoding="UTF-8"?>
<!-- Generated by org.testng.reporters.JUnitReportReporter -->
<testsuite hostname="Nahuel-Ruben-PC" name="paquete.Google" tests="1" failures="0" timestamp="8 Apr 2016 21:43:39 GMT" time="14.954" errors="0">
  <testcase name="ejercicio3" time="14.954" classname="paquete.Google"/>
</testsuite> <!-- paquete.Google -->
