<?xml version="1.0" encoding="UTF-8"?>
<!-- Generated by org.testng.reporters.JUnitReportReporter -->
<testsuite hostname="Nahuel-Ruben-PC" name="paquete.Google" tests="1" failures="0" timestamp="14 Apr 2016 20:49:22 GMT" time="46.999" errors="0">
  <testcase name="ejercicio3" time="46.999" classname="paquete.Google"/>
</testsuite> <!-- paquete.Google -->
