<?xml version="1.0" encoding="UTF-8"?>
<!-- Generated by org.testng.reporters.JUnitReportReporter -->
<testsuite hostname="Nahuel-Ruben-PC" name="com.globant.bootcamp.tae.App" tests="1" failures="0" timestamp="31 Mar 2016 21:00:07 GMT" time="14.473" errors="0">
  <testcase name="exercise01" time="14.473" classname="com.globant.bootcamp.tae.App"/>
</testsuite> <!-- com.globant.bootcamp.tae.App -->
